# JRE version: OpenJDK Runtime Environment Corretto-21.0.7.6.1 (21.0.7+6) (build 21.0.7+6-LTS)
# Java VM: OpenJDK 64-Bit Server VM Corretto-21.0.7.6.1 (21.0.7+6-LTS, mixed mode, emulated-client, sharing, tiered, compressed oops, compressed class ptrs, g1 gc, windows-amd64)
GC Precious Log:
 CardTable entry size: 512
 Card Set container configuration: InlinePtr #cards 5 size 8 Array Of Cards #cards 12 size 40 Howl #buckets 4 coarsen threshold 1843 Howl Bitmap #cards 512 size 80 coarsen threshold 460 Card regions per heap region 1 cards per card region 2048
 CPUs: 4 total, 4 available
 Memory: 7931M
 Large Page Support: Disabled
 NUMA Support: Disabled
 Compressed Oops: Enabled (32-bit)
 Heap Region Size: 1M
 Heap Min Capacity: 8M
 Heap Initial Capacity: 124M
 Heap Max Capacity: 1984M
 Pre-touch: Disabled
 Parallel Workers: 4
 Concurrent Workers: 1
 Concurrent Refinement Workers: 4
 Periodic GC: Disabled
Heap:
 garbage-first heap   total 51200K, used 25948K [0x0000000084000000, 0x0000000100000000)
  region size 1024K, 10 young (10240K), 3 survivors (3072K)
 Metaspace       used 30688K, committed 31488K, reserved 1114112K
  class space    used 4197K, committed 4544K, reserved 1048576K
GC Heap History (20 events):
Event: 5335.528 GC heap after
{Heap after GC invocations=10 (full 0):
 garbage-first heap   total 51200K, used 20188K [0x0000000084000000, 0x0000000100000000)
  region size 1024K, 1 young (1024K), 1 survivors (1024K)
 Metaspace       used 30597K, committed 31168K, reserved 1114112K
  class space    used 4198K, committed 4416K, reserved 1048576K
}
Event: 7527.247 GC heap before
{Heap before GC invocations=10 (full 0):
 garbage-first heap   total 51200K, used 45788K [0x0000000084000000, 0x0000000100000000)
  region size 1024K, 26 young (26624K), 1 survivors (1024K)
 Metaspace       used 30597K, committed 31168K, reserved 1114112K
  class space    used 4198K, committed 4416K, reserved 1048576K
}
Event: 7527.258 GC heap after
{Heap after GC invocations=11 (full 0):
 garbage-first heap   total 51200K, used 20154K [0x0000000084000000, 0x0000000100000000)
  region size 1024K, 1 young (1024K), 1 survivors (1024K)
 Metaspace       used 30597K, committed 31168K, reserved 1114112K
  class space    used 4198K, committed 4416K, reserved 1048576K
}
Event: 9826.383 GC heap before
{Heap before GC invocations=11 (full 0):
 garbage-first heap   total 51200K, used 46778K [0x0000000084000000, 0x0000000100000000)
  region size 1024K, 27 young (27648K), 1 survivors (1024K)
 Metaspace       used 30597K, committed 31168K, reserved 1114112K
  class space    used 4198K, committed 4416K, reserved 1048576K
}
Event: 9826.398 GC heap after
{Heap after GC invocations=12 (full 0):
 garbage-first heap   total 51200K, used 20166K [0x0000000084000000, 0x0000000100000000)
  region size 1024K, 1 young (1024K), 1 survivors (1024K)
 Metaspace       used 30597K, committed 31168K, reserved 1114112K
  class space    used 4198K, committed 4416K, reserved 1048576K
}
Event: 14975.703 GC heap before
{Heap before GC invocations=12 (full 0):
 garbage-first heap   total 51200K, used 46790K [0x0000000084000000, 0x0000000100000000)
  region size 1024K, 27 young (27648K), 1 survivors (1024K)
 Metaspace       used 30597K, committed 31168K, reserved 1114112K
  class space    used 4198K, committed 4416K, reserved 1048576K
}
Event: 14975.745 GC heap after
{Heap after GC invocations=13 (full 0):
 garbage-first heap   total 51200K, used 20214K [0x0000000084000000, 0x0000000100000000)
  region size 1024K, 1 young (1024K), 1 survivors (1024K)
 Metaspace       used 30597K, committed 31168K, reserved 1114112K
  class space    used 4198K, committed 4416K, reserved 1048576K
}
Event: 16560.475 GC heap before
{Heap before GC invocations=13 (full 0):
 garbage-first heap   total 51200K, used 39670K [0x0000000084000000, 0x0000000100000000)
  region size 1024K, 21 young (21504K), 1 survivors (1024K)
 Metaspace       used 30839K, committed 31488K, reserved 1114112K
  class space    used 4238K, committed 4544K, reserved 1048576K
}
Event: 16561.915 GC heap after
{Heap after GC invocations=14 (full 1):
 garbage-first heap   total 51200K, used 15227K [0x0000000084000000, 0x0000000100000000)
  region size 1024K, 0 young (0K), 0 survivors (0K)
 Metaspace       used 30619K, committed 31488K, reserved 1114112K
  class space    used 4178K, committed 4544K, reserved 1048576K
}
Event: 16566.907 GC heap before
{Heap before GC invocations=14 (full 1):
 garbage-first heap   total 51200K, used 45947K [0x0000000084000000, 0x0000000100000000)
  region size 1024K, 30 young (30720K), 0 survivors (0K)
 Metaspace       used 30742K, committed 31488K, reserved 1114112K
  class space    used 4210K, committed 4544K, reserved 1048576K
}
Event: 16566.999 GC heap after
{Heap after GC invocations=15 (full 1):
 garbage-first heap   total 51200K, used 19323K [0x0000000084000000, 0x0000000100000000)
  region size 1024K, 4 young (4096K), 4 survivors (4096K)
 Metaspace       used 30742K, committed 31488K, reserved 1114112K
  class space    used 4210K, committed 4544K, reserved 1048576K
}
Event: 16568.553 GC heap before
{Heap before GC invocations=15 (full 1):
 garbage-first heap   total 51200K, used 24443K [0x0000000084000000, 0x0000000100000000)
  region size 1024K, 10 young (10240K), 4 survivors (4096K)
 Metaspace       used 30768K, committed 31488K, reserved 1114112K
  class space    used 4218K, committed 4544K, reserved 1048576K
}
Event: 16568.585 GC heap after
{Heap after GC invocations=16 (full 2):
 garbage-first heap   total 51200K, used 16838K [0x0000000084000000, 0x0000000100000000)
  region size 1024K, 0 young (0K), 0 survivors (0K)
 Metaspace       used 30670K, committed 31488K, reserved 1114112K
  class space    used 4192K, committed 4544K, reserved 1048576K
}
Event: 16569.157 GC heap before
{Heap before GC invocations=16 (full 2):
 garbage-first heap   total 51200K, used 43462K [0x0000000084000000, 0x0000000100000000)
  region size 1024K, 27 young (27648K), 0 survivors (0K)
 Metaspace       used 30678K, committed 31488K, reserved 1114112K
  class space    used 4194K, committed 4544K, reserved 1048576K
}
Event: 16569.165 GC heap after
{Heap after GC invocations=17 (full 2):
 garbage-first heap   total 51200K, used 19910K [0x0000000084000000, 0x0000000100000000)
  region size 1024K, 3 young (3072K), 3 survivors (3072K)
 Metaspace       used 30678K, committed 31488K, reserved 1114112K
  class space    used 4194K, committed 4544K, reserved 1048576K
}
Event: 16579.030 GC heap before
{Heap before GC invocations=17 (full 2):
 garbage-first heap   total 51200K, used 24006K [0x0000000084000000, 0x0000000100000000)
  region size 1024K, 8 young (8192K), 3 survivors (3072K)
 Metaspace       used 30682K, committed 31488K, reserved 1114112K
  class space    used 4195K, committed 4544K, reserved 1048576K
}
Event: 16579.058 GC heap after
{Heap after GC invocations=18 (full 3):
 garbage-first heap   total 51200K, used 16914K [0x0000000084000000, 0x0000000100000000)
  region size 1024K, 0 young (0K), 0 survivors (0K)
 Metaspace       used 30679K, committed 31488K, reserved 1114112K
  class space    used 4194K, committed 4544K, reserved 1048576K
}
Event: 16580.097 GC heap before
{Heap before GC invocations=18 (full 3):
 garbage-first heap   total 51200K, used 42514K [0x0000000084000000, 0x0000000100000000)
  region size 1024K, 25 young (25600K), 0 survivors (0K)
 Metaspace       used 30683K, committed 31488K, reserved 1114112K
  class space    used 4196K, committed 4544K, reserved 1048576K
}
Event: 16580.100 GC heap after
{Heap after GC invocations=19 (full 3):
 garbage-first heap   total 51200K, used 19804K [0x0000000084000000, 0x0000000100000000)
  region size 1024K, 3 young (3072K), 3 survivors (3072K)
 Metaspace       used 30683K, committed 31488K, reserved 1114112K
  class space    used 4196K, committed 4544K, reserved 1048576K
}
Event: 16581.678 GC heap before
{Heap before GC invocations=19 (full 3):
 garbage-first heap   total 51200K, used 25948K [0x0000000084000000, 0x0000000100000000)
  region size 1024K, 10 young (10240K), 3 survivors (3072K)
 Metaspace       used 30688K, committed 31488K, reserved 1114112K
  class space    used 4197K, committed 4544K, reserved 1048576K
}

